\BOOKMARK [1][-]{section.1}{\376\377\000I\000N\000T\000R\000O\000D\000U\000C\000T\000I\000O\000N}{}% 1
\BOOKMARK [2][-]{subsection.2}{\376\377\000O\000v\000e\000r\000v\000i\000e\000w}{section.1}% 2
\BOOKMARK [2][-]{subsection.4}{\376\377\000M\000o\000t\000i\000v\000a\000t\000i\000o\000n}{section.1}% 3
\BOOKMARK [2][-]{subsection.6}{\376\377\000S\000c\000o\000p\000e}{section.1}% 4
\BOOKMARK [2][-]{subsection.8}{\376\377\000L\000i\000m\000i\000t\000a\000t\000i\000o\000n\000s}{section.1}% 5
\BOOKMARK [1][-]{section.9}{\376\377\000O\000b\000j\000e\000c\000t\000i\000v\000e\000\040\000o\000f\000\040\000t\000h\000e\000\040\000P\000r\000o\000j\000e\000c\000t}{}% 6
\BOOKMARK [2][-]{subsection.10}{\376\377\000P\000r\000o\000b\000l\000e\000m\000\040\000S\000t\000a\000t\000e\000m\000e\000n\000t}{section.9}% 7
\BOOKMARK [2][-]{subsection.11}{\376\377\000O\000b\000j\000e\000c\000t\000i\000v\000e\000s}{section.9}% 8
\BOOKMARK [2][-]{subsection.12}{\376\377\000P\000r\000o\000p\000o\000s\000e\000d\000\040\000S\000o\000l\000u\000t\000i\000o\000n}{section.9}% 9
\BOOKMARK [1][-]{section.14}{\376\377\000T\000o\000o\000l\000s\000\040\000a\000n\000d\000\040\000T\000e\000c\000h\000n\000o\000l\000o\000g\000i\000e\000s\000\040\000U\000s\000e\000d}{}% 10
\BOOKMARK [2][-]{subsection.15}{\376\377\000H\000a\000r\000d\000w\000a\000r\000e\000\040\000S\000p\000e\000c\000i\000f\000i\000c\000a\000t\000i\000o\000n\000s}{section.14}% 11
\BOOKMARK [2][-]{subsection.18}{\376\377\000H\000a\000r\000d\000w\000a\000r\000e\000\040\000C\000o\000m\000p\000o\000n\000e\000n\000t\000s\000\040\000U\000s\000e\000d}{section.14}% 12
\BOOKMARK [2][-]{subsection.21}{\376\377\000S\000o\000f\000t\000w\000a\000r\000e\000\040\000S\000p\000e\000c\000i\000f\000i\000c\000a\000t\000i\000o\000n\000s}{section.14}% 13
\BOOKMARK [2][-]{subsection.24}{\376\377\000M\000a\000c\000h\000i\000n\000e\000\040\000L\000e\000a\000r\000n\000i\000n\000g\000\040\000A\000l\000g\000o\000r\000i\000t\000h\000m}{section.14}% 14
\BOOKMARK [2][-]{subsection.29}{\376\377\000C\000l\000o\000u\000d\000\040\000P\000l\000a\000t\000f\000o\000r\000m}{section.14}% 15
\BOOKMARK [2][-]{subsection.30}{\376\377\000D\000e\000v\000e\000l\000o\000p\000m\000e\000n\000t\000\040\000T\000o\000o\000l\000s}{section.14}% 16
\BOOKMARK [2][-]{subsection.31}{\376\377\000G\000i\000t\000H\000u\000b\000\040\000L\000i\000n\000k}{section.14}% 17
\BOOKMARK [1][-]{section.32}{\376\377\000P\000r\000o\000j\000e\000c\000t\000\040\000D\000e\000s\000i\000g\000n\000\040\000/\000\040\000M\000e\000t\000h\000o\000d\000o\000l\000o\000g\000y}{}% 18
\BOOKMARK [2][-]{subsection.33}{\376\377\000S\000y\000s\000t\000e\000m\000\040\000A\000r\000c\000h\000i\000t\000e\000c\000t\000u\000r\000e}{section.32}% 19
\BOOKMARK [2][-]{subsection.35}{\376\377\000M\000o\000d\000u\000l\000e\000s\000\040\000o\000f\000\040\000t\000h\000e\000\040\000S\000y\000s\000t\000e\000m}{section.32}% 20
\BOOKMARK [2][-]{subsection.36}{\376\377\000C\000i\000r\000c\000u\000i\000t\000\040\000D\000i\000a\000g\000r\000a\000m}{section.32}% 21
\BOOKMARK [2][-]{subsection.38}{\376\377\000C\000o\000n\000n\000e\000c\000t\000i\000o\000n\000s}{section.32}% 22
\BOOKMARK [2][-]{subsection.40}{\376\377\000M\000a\000c\000h\000i\000n\000e\000\040\000L\000e\000a\000r\000n\000i\000n\000g}{section.32}% 23
\BOOKMARK [3][-]{subsubsection.43}{\376\377\000M\000L\000\040\000i\000m\000p\000l\000e\000m\000e\000n\000t\000a\000t\000i\000o\000n\000\040\000i\000n\000\040\000p\000r\000o\000j\000e\000c\000t\000\040\000c\000o\000d\000e}{subsection.40}% 24
\BOOKMARK [3][-]{subsubsection.45}{\376\377\000H\000o\000w\000\040\000t\000r\000a\000i\000n\000e\000d\000\040\000m\000o\000d\000e\000l\000s\000\040\000a\000r\000e\000\040\000u\000s\000e\000d\000\040\000a\000t\000\040\000r\000u\000n\000t\000i\000m\000e}{subsection.40}% 25
\BOOKMARK [1][-]{section.46}{\376\377\000I\000m\000p\000l\000e\000m\000e\000n\000t\000a\000t\000i\000o\000n\000\040\000/\000\040\000W\000o\000r\000k\000i\000n\000g}{}% 26
\BOOKMARK [2][-]{subsection.47}{\376\377\000W\000o\000r\000k\000i\000n\000g\000\040\000F\000l\000o\000w}{section.46}% 27
\BOOKMARK [2][-]{subsection.49}{\376\377\000C\000a\000l\000i\000b\000r\000a\000t\000i\000o\000n\000\040\000P\000r\000o\000c\000e\000s\000s}{section.46}% 28
\BOOKMARK [2][-]{subsection.59}{\376\377\000F\000i\000r\000m\000w\000a\000r\000e\000\040\000O\000p\000e\000r\000a\000t\000i\000o\000n}{section.46}% 29
\BOOKMARK [2][-]{subsection.60}{\376\377\000M\000e\000a\000s\000u\000r\000e\000d\000\040\000P\000a\000r\000a\000m\000e\000t\000e\000r\000s}{section.46}% 30
\BOOKMARK [2][-]{subsection.62}{\376\377\000B\000a\000c\000k\000e\000n\000d\000\040\000D\000a\000t\000a\000\040\000I\000n\000t\000e\000r\000f\000a\000c\000e\000s}{section.46}% 31
\BOOKMARK [1][-]{section.65}{\376\377\000R\000e\000s\000u\000l\000t\000\040\000/\000\040\000O\000u\000t\000p\000u\000t}{}% 32
\BOOKMARK [2][-]{subsection.67}{\376\377\000H\000a\000r\000d\000w\000a\000r\000e\000\040\000I\000m\000p\000l\000e\000m\000e\000n\000t\000a\000t\000i\000o\000n}{section.65}% 33
\BOOKMARK [2][-]{subsection.70}{\376\377\000T\000e\000s\000t\000i\000n\000g\000\040\000w\000i\000t\000h\000\040\000A\000p\000p\000l\000i\000a\000n\000c\000e\000s}{section.65}% 34
\BOOKMARK [2][-]{subsection.73}{\376\377\000W\000e\000b\000\040\000D\000a\000s\000h\000b\000o\000a\000r\000d}{section.65}% 35
\BOOKMARK [2][-]{subsection.76}{\376\377\000O\000L\000E\000D\000\040\000D\000i\000s\000p\000l\000a\000y\000\040\000S\000c\000r\000e\000e\000n\000s}{section.65}% 36
\BOOKMARK [2][-]{subsection.79}{\376\377\000M\000L\000\040\000M\000o\000d\000e\000l\000\040\000P\000e\000r\000f\000o\000r\000m\000a\000n\000c\000e}{section.65}% 37
\BOOKMARK [2][-]{subsection.82}{\376\377\000S\000a\000m\000p\000l\000e\000\040\000T\000e\000l\000e\000m\000e\000t\000r\000y\000\040\000D\000a\000t\000a}{section.65}% 38
\BOOKMARK [2][-]{subsection.92}{\376\377\000M\000e\000a\000s\000u\000r\000e\000m\000e\000n\000t\000\040\000A\000c\000c\000u\000r\000a\000c\000y}{section.65}% 39
\BOOKMARK [1][-]{section.94}{\376\377\000C\000o\000n\000c\000l\000u\000s\000i\000o\000n\000\040\000a\000n\000d\000\040\000F\000u\000t\000u\000r\000e\000\040\000W\000o\000r\000k}{}% 40
\BOOKMARK [2][-]{subsection.95}{\376\377\000C\000o\000n\000c\000l\000u\000s\000i\000o\000n}{section.94}% 41
\BOOKMARK [2][-]{subsection.96}{\376\377\000F\000u\000t\000u\000r\000e\000\040\000W\000o\000r\000k}{section.94}% 42
